<?xml version="1.0" encoding="UTF-8"?>
<testng-results skipped="0" failed="0" ignored="0" total="3" passed="3">
  <reporter-output>
  </reporter-output>
  <suite name="run tests in parallel" duration-ms="28284" started-at="2021-11-24T15:46:55Z" finished-at="2021-11-24T15:47:23Z">
    <groups>
      <group name="cucumber">
        <method signature="AbstractTestNGCucumberTests.runScenario(cucumber.api.testng.PickleEventWrapper, cucumber.api.testng.CucumberFeatureWrapper)[pri:0, instance:com.cucumber.test.RunWebATSuite@185d8b6]" name="runScenario" class="cucumber.api.testng.AbstractTestNGCucumberTests"/>
        <method signature="AbstractTestNGCucumberTests.runScenario(cucumber.api.testng.PickleEventWrapper, cucumber.api.testng.CucumberFeatureWrapper)[pri:0, instance:com.cucumber.test.RunSingleSuite@35d176f7]" name="runScenario" class="cucumber.api.testng.AbstractTestNGCucumberTests"/>
      </group> <!-- cucumber -->
    </groups>
    <test name="ParallelThread1" duration-ms="18628" started-at="2021-11-24T15:46:55Z" finished-at="2021-11-24T15:47:14Z">
      <class name="com.cucumber.test.RunWebATSuite">
        <test-method status="PASS" signature="setUpClass()[pri:0, instance:com.cucumber.test.RunWebATSuite@185d8b6]" name="setUpClass" is-config="true" duration-ms="112" started-at="2021-11-24T15:46:55Z" finished-at="2021-11-24T15:46:55Z">
          <reporter-output>
          </reporter-output>
        </test-method> <!-- setUpClass -->
        <test-method status="PASS" signature="runScenario(cucumber.api.testng.PickleEventWrapper, cucumber.api.testng.CucumberFeatureWrapper)[pri:0, instance:com.cucumber.test.RunWebATSuite@185d8b6]" name="runScenario" duration-ms="18185" started-at="2021-11-24T15:46:55Z" description="Runs Cucumber Scenarios" data-provider="scenarios" finished-at="2021-11-24T15:47:14Z">
          <params>
            <param index="0">
              <value>
                <![CDATA["Negative combinations for user login scenarios"]]>
              </value>
            </param>
            <param index="1">
              <value>
                <![CDATA["Login:- As a new customer I would like to register so I can : -"]]>
              </value>
            </param>
          </params>
          <reporter-output>
          </reporter-output>
        </test-method> <!-- runScenario -->
        <test-method status="PASS" signature="tearDownClass()[pri:0, instance:com.cucumber.test.RunWebATSuite@185d8b6]" name="tearDownClass" is-config="true" duration-ms="50" started-at="2021-11-24T15:47:14Z" finished-at="2021-11-24T15:47:14Z">
          <reporter-output>
          </reporter-output>
        </test-method> <!-- tearDownClass -->
      </class> <!-- com.cucumber.test.RunWebATSuite -->
    </test> <!-- ParallelThread1 -->
    <test name="ParallelThread2" duration-ms="28284" started-at="2021-11-24T15:46:55Z" finished-at="2021-11-24T15:47:23Z">
      <class name="com.cucumber.test.RunSingleSuite">
        <test-method status="PASS" signature="setUpClass()[pri:0, instance:com.cucumber.test.RunSingleSuite@35d176f7]" name="setUpClass" is-config="true" duration-ms="112" started-at="2021-11-24T15:46:55Z" finished-at="2021-11-24T15:46:55Z">
          <reporter-output>
          </reporter-output>
        </test-method> <!-- setUpClass -->
        <test-method status="PASS" signature="runScenario(cucumber.api.testng.PickleEventWrapper, cucumber.api.testng.CucumberFeatureWrapper)[pri:0, instance:com.cucumber.test.RunSingleSuite@35d176f7]" name="runScenario" duration-ms="18109" started-at="2021-11-24T15:46:55Z" description="Runs Cucumber Scenarios" data-provider="scenarios" finished-at="2021-11-24T15:47:14Z">
          <params>
            <param index="0">
              <value>
                <![CDATA["Negative combinations for user login scenarios"]]>
              </value>
            </param>
            <param index="1">
              <value>
                <![CDATA["Login:- As a new customer I would like to register so I can : -"]]>
              </value>
            </param>
          </params>
          <reporter-output>
          </reporter-output>
        </test-method> <!-- runScenario -->
        <test-method status="PASS" signature="runScenario(cucumber.api.testng.PickleEventWrapper, cucumber.api.testng.CucumberFeatureWrapper)[pri:0, instance:com.cucumber.test.RunSingleSuite@35d176f7]" name="runScenario" duration-ms="9757" started-at="2021-11-24T15:47:14Z" description="Runs Cucumber Scenarios" data-provider="scenarios" finished-at="2021-11-24T15:47:23Z">
          <params>
            <param index="0">
              <value>
                <![CDATA["Negative combinations for user login scenarios"]]>
              </value>
            </param>
            <param index="1">
              <value>
                <![CDATA["Login:- As a new customer I would like to register so I can : -"]]>
              </value>
            </param>
          </params>
          <reporter-output>
          </reporter-output>
        </test-method> <!-- runScenario -->
        <test-method status="PASS" signature="tearDownClass()[pri:0, instance:com.cucumber.test.RunSingleSuite@35d176f7]" name="tearDownClass" is-config="true" duration-ms="26" started-at="2021-11-24T15:47:23Z" finished-at="2021-11-24T15:47:23Z">
          <reporter-output>
          </reporter-output>
        </test-method> <!-- tearDownClass -->
      </class> <!-- com.cucumber.test.RunSingleSuite -->
    </test> <!-- ParallelThread2 -->
  </suite> <!-- run tests in parallel -->
</testng-results>
