<?xml version="1.0" encoding="UTF-8"?>
<!-- Generated by org.testng.reporters.JUnitXMLReporter -->
<testsuite hostname="LTSIPL0-Sameer" ignored="0" name="ParallelThread2" tests="2" failures="0" timestamp="24 Nov 2021 15:47:23 GMT" time="28.284" errors="0">
  <testcase name="runScenario" time="18.109" classname="cucumber.api.testng.AbstractTestNGCucumberTests"/>
  <testcase name="runScenario" time="9.757" classname="cucumber.api.testng.AbstractTestNGCucumberTests"/>
</testsuite> <!-- ParallelThread2 -->
